<?xml version="1.0" encoding="UTF-8"?>
<!-- Generated by org.testng.reporters.JUnitXMLReporter -->
<testsuite hostname="AshishBajaj-PC" ignored="0" name="My Demo Test" tests="8" failures="0" timestamp="04 Oct 2018 13:24:29 GMT" time="0.065" errors="0">
  <testcase name="a1" time="0.01" classname="com.testpackage.TestClass1"/>
  <testcase name="a2" time="0.0" classname="com.testpackage.TestClass1"/>
  <testcase name="a3" time="0.001" classname="com.testpackage.TestClass1"/>
  <testcase name="a4" time="0.0" classname="com.testpackage.TestClass1"/>
  <testcase name="a1" time="0.0" classname="com.testpackage.TestClass2"/>
  <testcase name="a2" time="0.0" classname="com.testpackage.TestClass2"/>
  <testcase name="a3" time="0.0" classname="com.testpackage.TestClass2"/>
  <testcase name="a4" time="0.0" classname="com.testpackage.TestClass2"/>
</testsuite> <!-- My Demo Test -->
